<?xml version="1.0" encoding="UTF-8"?>
<!-- Generated by org.testng.reporters.JUnitReportReporter -->
<testsuite hostname="DESKTOP-TUAS121" failures="0" tests="1" name="CrudWithBDD.getAllMethod" time="14.467" errors="0" timestamp="2023-06-05T13:22:35 IST" skipped="0">
  <testcase classname="CrudWithBDD.getAllMethod" name="getAllData" time="14.467"/>
  <system-out/>
</testsuite> <!-- CrudWithBDD.getAllMethod -->
