<?xml version="1.0" encoding="UTF-8"?>
<!-- Generated by org.testng.reporters.JUnitReportReporter -->
<testsuite hostname="DESKTOP-TUAS121" failures="0" tests="1" name="CrudWithoutBDD.updateMethod" time="20.902" errors="0" timestamp="2023-06-05T12:20:56 IST" skipped="0">
  <testcase classname="CrudWithoutBDD.updateMethod" name="updateData" time="20.902"/>
  <system-out/>
</testsuite> <!-- CrudWithoutBDD.updateMethod -->
