<?xml version="1.0" encoding="UTF-8"?>
<!-- Generated by org.testng.reporters.JUnitReportReporter -->
<testsuite hostname="DESKTOP-TUAS121" failures="0" tests="1" name="OptimizedTestScript.CreateData" time="11.085" errors="0" timestamp="2023-06-07T13:03:11 IST" skipped="0">
  <testcase classname="OptimizedTestScript.CreateData" name="postAndValidateData" time="11.085"/>
  <system-out/>
</testsuite> <!-- OptimizedTestScript.CreateData -->
