<?xml version="1.0" encoding="UTF-8"?>
<!-- Generated by org.testng.reporters.JUnitReportReporter -->
<testsuite hostname="DESKTOP-TUAS121" failures="0" tests="1" name="Authentications.BearerToken" time="17.517" errors="0" timestamp="2023-06-06T12:36:10 IST" skipped="0">
  <testcase classname="Authentications.BearerToken" name="bearerTokenAuthentication" time="17.517"/>
  <system-out/>
</testsuite> <!-- Authentications.BearerToken -->
