<?xml version="1.0" encoding="UTF-8"?>
<!-- Generated by org.testng.reporters.JUnitReportReporter -->
<testsuite hostname="DESKTOP-TUAS121" failures="0" tests="1" name="DifferentWaysToCreateObject.postDataThroughPojoClass" time="16.336" errors="0" timestamp="2023-06-05T15:49:33 IST" skipped="0">
  <testcase classname="DifferentWaysToCreateObject.postDataThroughPojoClass" name="postData" time="16.336"/>
  <system-out/>
</testsuite> <!-- DifferentWaysToCreateObject.postDataThroughPojoClass -->
