<?xml version="1.0" encoding="UTF-8"?>
<!-- Generated by org.testng.reporters.JUnitReportReporter -->
<testsuite hostname="DESKTOP-TUAS121" failures="0" tests="1" name="CrudWithBDD.postMethod" time="16.535" errors="0" timestamp="2023-06-05T12:48:05 IST" skipped="0">
  <testcase classname="CrudWithBDD.postMethod" name="postData" time="16.535"/>
  <system-out/>
</testsuite> <!-- CrudWithBDD.postMethod -->
