<?xml version="1.0" encoding="UTF-8"?>
<!-- Generated by org.testng.reporters.JUnitReportReporter -->
<testsuite hostname="DESKTOP-TUAS121" failures="0" tests="1" name="Validation.DynamicResponceValidation" time="17.987" errors="0" timestamp="2023-06-06T11:01:32 IST" skipped="0">
  <testcase classname="Validation.DynamicResponceValidation" name="getAllData" time="17.987"/>
  <system-out/>
</testsuite> <!-- Validation.DynamicResponceValidation -->
