<?xml version="1.0" encoding="UTF-8"?>
<!-- Generated by org.testng.reporters.JUnitReportReporter -->
<testsuite hostname="DESKTOP-TUAS121" failures="0" tests="1" name="Serialization_DeSerialization.SerializingTheSimpleObject" time="1.856" errors="0" timestamp="2023-06-07T17:05:30 IST" skipped="0">
  <testcase classname="Serialization_DeSerialization.SerializingTheSimpleObject" name="simpleObject" time="1.856"/>
  <system-out/>
</testsuite> <!-- Serialization_DeSerialization.SerializingTheSimpleObject -->
