<?xml version="1.0" encoding="UTF-8"?>
<!-- Generated by org.testng.reporters.JUnitReportReporter -->
<testsuite hostname="DESKTOP-TUAS121" failures="0" tests="1" name="CrudWithoutBDD.getAllMethod" time="20.046" errors="0" timestamp="2023-06-05T12:26:53 IST" skipped="0">
  <testcase classname="CrudWithoutBDD.getAllMethod" name="getAllData" time="20.046"/>
  <system-out/>
</testsuite> <!-- CrudWithoutBDD.getAllMethod -->
