<?xml version="1.0" encoding="UTF-8"?>
<!-- Generated by org.testng.reporters.JUnitReportReporter -->
<testsuite hostname="DESKTOP-TUAS121" failures="0" tests="1" name="CrudWithoutBDD.postMethod" time="33.963" errors="0" timestamp="2023-06-05T12:11:24 IST" skipped="0">
  <testcase classname="CrudWithoutBDD.postMethod" name="postData" time="33.963"/>
  <system-out/>
</testsuite> <!-- CrudWithoutBDD.postMethod -->
