<?xml version="1.0" encoding="UTF-8"?>
<!-- Generated by org.testng.reporters.JUnitReportReporter -->
<testsuite hostname="DESKTOP-TUAS121" failures="0" tests="1" name="DifferentWaysToCreateObject.postDataThroughHashMap" time="15.409" errors="0" timestamp="2023-06-05T15:17:15 IST" skipped="0">
  <testcase classname="DifferentWaysToCreateObject.postDataThroughHashMap" name="postData" time="15.409"/>
  <system-out/>
</testsuite> <!-- DifferentWaysToCreateObject.postDataThroughHashMap -->
