<?xml version="1.0" encoding="UTF-8"?>
<!-- Generated by org.testng.reporters.JUnitReportReporter -->
<testsuite hostname="DESKTOP-TUAS121" failures="0" tests="1" name="CrudWithBDD.getMethod" time="10.726" errors="0" timestamp="2023-06-06T11:45:10 IST" skipped="0">
  <testcase classname="CrudWithBDD.getMethod" name="getData" time="10.726"/>
  <system-out/>
</testsuite> <!-- CrudWithBDD.getMethod -->
