<?xml version="1.0" encoding="UTF-8"?>
<!-- Generated by org.testng.reporters.JUnitReportReporter -->
<testsuite hostname="DESKTOP-TUAS121" failures="0" tests="1" name="Serialization_DeSerialization.SerializingTheArrayObject" time="1.534" errors="0" timestamp="2023-06-07T17:40:23 IST" skipped="0">
  <testcase classname="Serialization_DeSerialization.SerializingTheArrayObject" name="sample" time="1.534"/>
  <system-out/>
</testsuite> <!-- Serialization_DeSerialization.SerializingTheArrayObject -->
