<?xml version="1.0" encoding="UTF-8"?>
<!-- Generated by org.testng.reporters.JUnitReportReporter -->
<testsuite hostname="DESKTOP-TUAS121" failures="0" tests="1" name="DifferentWaysToCreateObject.postDataTroughJsonObject" time="15.062" errors="0" timestamp="2023-06-05T15:14:20 IST" skipped="0">
  <testcase classname="DifferentWaysToCreateObject.postDataTroughJsonObject" name="postData" time="15.062"/>
  <system-out/>
</testsuite> <!-- DifferentWaysToCreateObject.postDataTroughJsonObject -->
