<?xml version="1.0" encoding="UTF-8"?>
<!-- Generated by org.testng.reporters.JUnitReportReporter -->
<testsuite hostname="DESKTOP-TUAS121" failures="0" tests="1" name="Serialization_DeSerialization.DeSerializingTheArrayObject" time="3.209" errors="0" timestamp="2023-06-07T17:46:43 IST" skipped="0">
  <testcase classname="Serialization_DeSerialization.DeSerializingTheArrayObject" name="readData" time="3.209"/>
  <system-out/>
</testsuite> <!-- Serialization_DeSerialization.DeSerializingTheArrayObject -->
