<?xml version="1.0" encoding="UTF-8"?>
<!-- Generated by org.testng.reporters.JUnitReportReporter -->
<testsuite hostname="DESKTOP-TUAS121" failures="0" tests="1" name="CrudWithBDD.deleteMethod" time="11.968" errors="0" timestamp="2023-06-05T13:20:21 IST" skipped="0">
  <testcase classname="CrudWithBDD.deleteMethod" name="deleteData" time="11.968"/>
  <system-out/>
</testsuite> <!-- CrudWithBDD.deleteMethod -->
