<?xml version="1.0" encoding="UTF-8"?>
<!-- Generated by org.testng.reporters.JUnitReportReporter -->
<testsuite hostname="DESKTOP-TUAS121" failures="0" tests="1" name="Parameter.PathParameter" time="12.138" errors="0" timestamp="2023-06-05T16:11:02 IST" skipped="0">
  <testcase classname="Parameter.PathParameter" name="pathData" time="12.138"/>
  <system-out/>
</testsuite> <!-- Parameter.PathParameter -->
