<?xml version="1.0" encoding="UTF-8"?>
<!-- Generated by org.testng.reporters.JUnitReportReporter -->
<testsuite hostname="DESKTOP-TUAS121" failures="0" tests="1" name="CrudWithoutBDD.deleteMethod" time="13.804" errors="0" timestamp="2023-06-05T12:23:50 IST" skipped="0">
  <testcase classname="CrudWithoutBDD.deleteMethod" name="deleteData" time="13.804"/>
  <system-out/>
</testsuite> <!-- CrudWithoutBDD.deleteMethod -->
