<?xml version="1.0" encoding="UTF-8"?>
<!-- Generated by org.testng.reporters.JUnitReportReporter -->
<testsuite hostname="DESKTOP-TUAS121" failures="0" tests="1" name="SchemaValidation.Schema" time="16.465" errors="0" timestamp="2023-06-07T17:32:49 IST" skipped="0">
  <testcase classname="SchemaValidation.Schema" name="sample" time="16.465"/>
  <system-out/>
</testsuite> <!-- SchemaValidation.Schema -->
