<?xml version="1.0" encoding="UTF-8"?>
<!-- Generated by org.testng.reporters.JUnitReportReporter -->
<testsuite hostname="DESKTOP-TUAS121" failures="0" tests="1" name="Authentications.Basic_DigestiveAuth" time="11.865" errors="0" timestamp="2023-06-06T12:21:59 IST" skipped="0">
  <testcase classname="Authentications.Basic_DigestiveAuth" name="digestAuthentication" time="11.865"/>
  <system-out/>
</testsuite> <!-- Authentications.Basic_DigestiveAuth -->
