<?xml version="1.0" encoding="UTF-8"?>
<!-- Generated by org.testng.reporters.JUnitReportReporter -->
<testsuite hostname="DESKTOP-TUAS121" failures="0" tests="1" name="RequestChaining.PostAndGetTheData" time="17.776" errors="0" timestamp="2023-06-05T17:41:13 IST" skipped="0">
  <testcase classname="RequestChaining.PostAndGetTheData" name="reqChaining" time="17.776"/>
  <system-out/>
</testsuite> <!-- RequestChaining.PostAndGetTheData -->
