<?xml version="1.0" encoding="UTF-8"?>
<!-- Generated by org.testng.reporters.JUnitReportReporter -->
<testsuite hostname="DESKTOP-TUAS121" failures="0" tests="1" name="CrudWithoutBDD.getMethod" time="11.990" errors="0" timestamp="2023-06-05T12:15:27 IST" skipped="0">
  <testcase classname="CrudWithoutBDD.getMethod" name="getData" time="11.990"/>
  <system-out/>
</testsuite> <!-- CrudWithoutBDD.getMethod -->
