<?xml version="1.0" encoding="UTF-8"?>
<!-- Generated by org.testng.reporters.JUnitReportReporter -->
<testsuite hostname="DESKTOP-TUAS121" failures="0" tests="1" name="Validation.StaticResponceValidation" time="19.114" errors="0" timestamp="2023-06-06T10:45:58 IST" skipped="0">
  <testcase classname="Validation.StaticResponceValidation" name="getAllData" time="19.114"/>
  <system-out/>
</testsuite> <!-- Validation.StaticResponceValidation -->
