<?xml version="1.0" encoding="UTF-8"?>
<!-- Generated by org.testng.reporters.JUnitReportReporter -->
<testsuite hostname="DESKTOP-TUAS121" failures="0" tests="1" name="Authentications.BasicAuth" time="11.507" errors="0" timestamp="2023-06-06T12:18:56 IST" skipped="0">
  <testcase classname="Authentications.BasicAuth" name="basicAuthentication" time="11.507"/>
  <system-out/>
</testsuite> <!-- Authentications.BasicAuth -->
