<?xml version="1.0" encoding="UTF-8"?>
<!-- Generated by org.testng.reporters.JUnitReportReporter -->
<testsuite hostname="DESKTOP-TUAS121" failures="0" tests="1" name="CrudWithBDD.updateMethod" time="20.771" errors="0" timestamp="2023-06-05T13:10:03 IST" skipped="0">
  <testcase classname="CrudWithBDD.updateMethod" name="updateData" time="20.771"/>
  <system-out/>
</testsuite> <!-- CrudWithBDD.updateMethod -->
