<?xml version="1.0" encoding="UTF-8"?>
<!-- Generated by org.testng.reporters.JUnitReportReporter -->
<testsuite hostname="DESKTOP-TUAS121" failures="0" tests="1" name="Serialization_DeSerialization.DeSerializingTheSimpleObject" time="1.345" errors="0" timestamp="2023-06-07T17:14:56 IST" skipped="0">
  <testcase classname="Serialization_DeSerialization.DeSerializingTheSimpleObject" name="simpleObjDeserial" time="1.345"/>
  <system-out/>
</testsuite> <!-- Serialization_DeSerialization.DeSerializingTheSimpleObject -->
