<?xml version="1.0" encoding="UTF-8"?>
<!-- Generated by org.testng.reporters.JUnitReportReporter -->
<testsuite hostname="DESKTOP-TUAS121" failures="0" tests="3" name="DataProvider.createMultipleProjectWithDataProvider" time="14.145" errors="0" timestamp="2023-06-06T11:21:22 IST" skipped="0">
  <testcase classname="DataProvider.createMultipleProjectWithDataProvider" name="createProjects" time="0.293"/>
  <system-out/>
  <testcase classname="DataProvider.createMultipleProjectWithDataProvider" name="createProjects" time="0.213"/>
  <system-out/>
  <testcase classname="DataProvider.createMultipleProjectWithDataProvider" name="createProjects" time="13.639"/>
  <system-out/>
</testsuite> <!-- DataProvider.createMultipleProjectWithDataProvider -->
