<?xml version="1.0" encoding="UTF-8"?>
<!-- Generated by org.testng.reporters.JUnitReportReporter -->
<testsuite hostname="DESKTOP-TUAS121" failures="0" tests="1" name="Authentications.CoopApi" time="21.127" errors="0" timestamp="2023-06-06T13:16:40 IST" skipped="0">
  <testcase classname="Authentications.CoopApi" name="generateToken" time="21.127"/>
  <system-out/>
</testsuite> <!-- Authentications.CoopApi -->
